  Enemy.cpp
  GameClearScene.cpp
C:\Users\Nishimura Shuichi\Desktop\gameproject\過去作成のゲーム\FevSubmissionGame\Map.h(31,15): warning C4305: '初期化中': 'double' から 'float' へ切り詰めます。
  (ソース ファイル 'Enemy.cpp' をコンパイルしています)
  
C:\Users\Nishimura Shuichi\Desktop\gameproject\過去作成のゲーム\FevSubmissionGame\SceneManager.h(15,15): warning C4091: 'typedef ': 変数が何も宣言されていないときは、'SceneManager::Scene' の左辺を無視します。
  (ソース ファイル 'Enemy.cpp' をコンパイルしています)
  
C:\Users\Nishimura Shuichi\Desktop\gameproject\過去作成のゲーム\FevSubmissionGame\Enemy.cpp(10,1): error C4430: 型指定子がありません - int と仮定しました。メモ: C++ は int を既定値としてサポートしていません
C:\Users\Nishimura Shuichi\Desktop\gameproject\過去作成のゲーム\FevSubmissionGame\Enemy.cpp(10,16): error C2146: 構文エラー: ';' が、識別子 'en_clear' の前に必要です。
C:\Users\Nishimura Shuichi\Desktop\gameproject\過去作成のゲーム\FevSubmissionGame\Enemy.cpp(113,6): error C2065: 'en_clear': 定義されていない識別子です。
C:\Users\Nishimura Shuichi\Desktop\gameproject\過去作成のゲーム\FevSubmissionGame\Enemy.cpp(379,1): error C2059: 構文エラー: 'public'
C:\Users\Nishimura Shuichi\Desktop\gameproject\過去作成のゲーム\FevSubmissionGame\Enemy.cpp(380,1): error C2143: 構文エラー: ';' が '{' の前にありません。
C:\Users\Nishimura Shuichi\Desktop\gameproject\過去作成のゲーム\FevSubmissionGame\Enemy.cpp(380,1): error C2447: '{': 対応する関数ヘッダーがありません (旧形式の仮引数リスト?)
C:\Users\Nishimura Shuichi\Desktop\gameproject\過去作成のゲーム\FevSubmissionGame\Map.h(31,15): warning C4305: '初期化中': 'double' から 'float' へ切り詰めます。
  (ソース ファイル 'GameClearScene.cpp' をコンパイルしています)
  
C:\Users\Nishimura Shuichi\Desktop\gameproject\過去作成のゲーム\FevSubmissionGame\SceneManager.h(15,15): warning C4091: 'typedef ': 変数が何も宣言されていないときは、'SceneManager::Scene' の左辺を無視します。
  (ソース ファイル 'GameClearScene.cpp' をコンパイルしています)
  
C:\Users\Nishimura Shuichi\Desktop\gameproject\過去作成のゲーム\FevSubmissionGame\GameClearScene.cpp(13,6): error C2143: 構文エラー: ';' が '*' の前にありません。
C:\Users\Nishimura Shuichi\Desktop\gameproject\過去作成のゲーム\FevSubmissionGame\GameClearScene.cpp(13,1): error C4430: 型指定子がありません - int と仮定しました。メモ: C++ は int を既定値としてサポートしていません
C:\Users\Nishimura Shuichi\Desktop\gameproject\過去作成のゲーム\FevSubmissionGame\GameClearScene.cpp(13,8): error C4430: 型指定子がありません - int と仮定しました。メモ: C++ は int を既定値としてサポートしていません
  Map.cpp
C:\Users\Nishimura Shuichi\Desktop\gameproject\過去作成のゲーム\FevSubmissionGame\Map.h(31,15): warning C4305: '初期化中': 'double' から 'float' へ切り詰めます。
  (ソース ファイル 'Map.cpp' をコンパイルしています)
  
C:\Users\Nishimura Shuichi\Desktop\gameproject\過去作成のゲーム\FevSubmissionGame\SceneManager.h(15,15): warning C4091: 'typedef ': 変数が何も宣言されていないときは、'SceneManager::Scene' の左辺を無視します。
  (ソース ファイル 'Map.cpp' をコンパイルしています)
  
C:\Users\Nishimura Shuichi\Desktop\gameproject\過去作成のゲーム\FevSubmissionGame\Map.cpp(34,16): warning C4305: '+=': 'double' から 'float' へ切り詰めます。
  Main.cpp
C:\Users\Nishimura Shuichi\Desktop\gameproject\過去作成のゲーム\FevSubmissionGame\Map.h(31,15): warning C4305: '初期化中': 'double' から 'float' へ切り詰めます。
  (ソース ファイル 'Main.cpp' をコンパイルしています)
  
C:\Users\Nishimura Shuichi\Desktop\gameproject\過去作成のゲーム\FevSubmissionGame\SceneManager.h(15,15): warning C4091: 'typedef ': 変数が何も宣言されていないときは、'SceneManager::Scene' の左辺を無視します。
  (ソース ファイル 'Main.cpp' をコンパイルしています)
  
