c:\users\fko2347033\desktop\gameproject\ゲーム\fevsubmissiongame\x64\debug\vc143.pdb
c:\users\fko2347033\desktop\gameproject\ゲーム\fevsubmissiongame\x64\debug\vc143.idb
c:\users\fko2347033\desktop\gameproject\ゲーム\fevsubmissiongame\x64\debug\titlescene.obj
c:\users\fko2347033\desktop\gameproject\ゲーム\fevsubmissiongame\x64\debug\text.obj
c:\users\fko2347033\desktop\gameproject\ゲーム\fevsubmissiongame\x64\debug\character.obj
c:\users\fko2347033\desktop\gameproject\ゲーム\fevsubmissiongame\x64\debug\main.obj
c:\users\fko2347033\desktop\gameproject\ゲーム\fevsubmissiongame\x64\debug\gamescene.obj
c:\users\fko2347033\desktop\gameproject\ゲーム\fevsubmissiongame\x64\debug\enemy.obj
c:\users\fko2347033\desktop\gameproject\ゲーム\fevsubmissiongame\x64\debug\basenumber.obj
c:\users\fko2347033\desktop\gameproject\ゲーム\fevsubmissiongame\x64\debug\basenuber.obj
c:\users\fko2347033\desktop\gameproject\ゲーム\fevsubmissiongame\x64\debug\movecharacter.obj
c:\users\fko2347033\desktop\gameproject\ゲーム\fevsubmissiongame\x64\debug\fevsubmissiongame.pdb
c:\users\fko2347033\desktop\gameproject\ゲーム\fevsubmissiongame\x64\debug\fevsubmi.eb7c8986.tlog\cl.command.1.tlog
c:\users\fko2347033\desktop\gameproject\ゲーム\fevsubmissiongame\x64\debug\fevsubmi.eb7c8986.tlog\cl.items.tlog
c:\users\fko2347033\desktop\gameproject\ゲーム\fevsubmissiongame\x64\debug\fevsubmi.eb7c8986.tlog\cl.read.1.tlog
c:\users\fko2347033\desktop\gameproject\ゲーム\fevsubmissiongame\x64\debug\fevsubmi.eb7c8986.tlog\cl.write.1.tlog
c:\users\fko2347033\desktop\gameproject\ゲーム\fevsubmissiongame\x64\debug\fevsubmi.eb7c8986.tlog\link-cvtres.read.1.tlog
c:\users\fko2347033\desktop\gameproject\ゲーム\fevsubmissiongame\x64\debug\fevsubmi.eb7c8986.tlog\link-cvtres.write.1.tlog
c:\users\fko2347033\desktop\gameproject\ゲーム\fevsubmissiongame\x64\debug\fevsubmi.eb7c8986.tlog\link-rc.read.1.tlog
c:\users\fko2347033\desktop\gameproject\ゲーム\fevsubmissiongame\x64\debug\fevsubmi.eb7c8986.tlog\link-rc.write.1.tlog
c:\users\fko2347033\desktop\gameproject\ゲーム\fevsubmissiongame\x64\debug\fevsubmi.eb7c8986.tlog\link.37840-cvtres.read.1.tlog
c:\users\fko2347033\desktop\gameproject\ゲーム\fevsubmissiongame\x64\debug\fevsubmi.eb7c8986.tlog\link.37840-cvtres.write.1.tlog
c:\users\fko2347033\desktop\gameproject\ゲーム\fevsubmissiongame\x64\debug\fevsubmi.eb7c8986.tlog\link.37840-rc.read.1.tlog
c:\users\fko2347033\desktop\gameproject\ゲーム\fevsubmissiongame\x64\debug\fevsubmi.eb7c8986.tlog\link.37840-rc.write.1.tlog
c:\users\fko2347033\desktop\gameproject\ゲーム\fevsubmissiongame\x64\debug\fevsubmi.eb7c8986.tlog\link.37840.read.1.tlog
c:\users\fko2347033\desktop\gameproject\ゲーム\fevsubmissiongame\x64\debug\fevsubmi.eb7c8986.tlog\link.37840.read.2.tlog
c:\users\fko2347033\desktop\gameproject\ゲーム\fevsubmissiongame\x64\debug\fevsubmi.eb7c8986.tlog\link.37840.write.1.tlog
c:\users\fko2347033\desktop\gameproject\ゲーム\fevsubmissiongame\x64\debug\fevsubmi.eb7c8986.tlog\link.command.1.tlog
c:\users\fko2347033\desktop\gameproject\ゲーム\fevsubmissiongame\x64\debug\fevsubmi.eb7c8986.tlog\link.read.1.tlog
c:\users\fko2347033\desktop\gameproject\ゲーム\fevsubmissiongame\x64\debug\fevsubmi.eb7c8986.tlog\link.read.2.tlog
c:\users\fko2347033\desktop\gameproject\ゲーム\fevsubmissiongame\x64\debug\fevsubmi.eb7c8986.tlog\link.read.3.tlog
c:\users\fko2347033\desktop\gameproject\ゲーム\fevsubmissiongame\x64\debug\fevsubmi.eb7c8986.tlog\link.write.1.tlog
