  BaseNumber.cpp
  Character.cpp
C:\Users\fko2347033\Desktop\gameproject\過去作成のゲーム\FevSubmissionGame\Map.h(31,8): warning C4305: '初期化中': 'double' から 'float' へ切り詰めます。
C:\Users\fko2347033\Desktop\gameproject\過去作成のゲーム\FevSubmissionGame\SceneManager.h(20,3): warning C4091: 'typedef ': 変数が何も宣言されていないときは、'SceneManager::Scene' の左辺を無視します。
C:\Users\fko2347033\Desktop\gameproject\過去作成のゲーム\FevSubmissionGame\Character.cpp(46,24): warning C4244: '+=': 'float' から 'int' への変換です。データが失われる可能性があります。
C:\Users\fko2347033\Desktop\gameproject\過去作成のゲーム\FevSubmissionGame\Character.cpp(50,60): warning C4244: '-=': 'float' から 'int' への変換です。データが失われる可能性があります。
  Enemy.cpp
C:\Users\fko2347033\Desktop\gameproject\過去作成のゲーム\FevSubmissionGame\Map.h(31,8): warning C4305: '初期化中': 'double' から 'float' へ切り詰めます。
C:\Users\fko2347033\Desktop\gameproject\過去作成のゲーム\FevSubmissionGame\SceneManager.h(20,3): warning C4091: 'typedef ': 変数が何も宣言されていないときは、'SceneManager::Scene' の左辺を無視します。
  GameClearScene.cpp
C:\Users\fko2347033\Desktop\gameproject\過去作成のゲーム\FevSubmissionGame\Map.h(31,8): warning C4305: '初期化中': 'double' から 'float' へ切り詰めます。
C:\Users\fko2347033\Desktop\gameproject\過去作成のゲーム\FevSubmissionGame\SceneManager.h(20,3): warning C4091: 'typedef ': 変数が何も宣言されていないときは、'SceneManager::Scene' の左辺を無視します。
  Main.cpp
C:\Users\fko2347033\Desktop\gameproject\過去作成のゲーム\FevSubmissionGame\Map.h(31,8): warning C4305: '初期化中': 'double' から 'float' へ切り詰めます。
C:\Users\fko2347033\Desktop\gameproject\過去作成のゲーム\FevSubmissionGame\SceneManager.h(20,3): warning C4091: 'typedef ': 変数が何も宣言されていないときは、'SceneManager::Scene' の左辺を無視します。
  Map.cpp
C:\Users\fko2347033\Desktop\gameproject\過去作成のゲーム\FevSubmissionGame\Map.h(31,8): warning C4305: '初期化中': 'double' から 'float' へ切り詰めます。
C:\Users\fko2347033\Desktop\gameproject\過去作成のゲーム\FevSubmissionGame\SceneManager.h(20,3): warning C4091: 'typedef ': 変数が何も宣言されていないときは、'SceneManager::Scene' の左辺を無視します。
C:\Users\fko2347033\Desktop\gameproject\過去作成のゲーム\FevSubmissionGame\Map.cpp(34,20): warning C4305: '+=': 'double' から 'float' へ切り詰めます。
  OptionScene.cpp
  SceneManager.cpp
C:\Users\fko2347033\Desktop\gameproject\過去作成のゲーム\FevSubmissionGame\Map.h(31,8): warning C4305: '初期化中': 'double' から 'float' へ切り詰めます。
C:\Users\fko2347033\Desktop\gameproject\過去作成のゲーム\FevSubmissionGame\SceneManager.h(20,3): warning C4091: 'typedef ': 変数が何も宣言されていないときは、'SceneManager::Scene' の左辺を無視します。
  TitleScene.cpp
C:\Users\fko2347033\Desktop\gameproject\過去作成のゲーム\FevSubmissionGame\Map.h(31,8): warning C4305: '初期化中': 'double' から 'float' へ切り詰めます。
C:\Users\fko2347033\Desktop\gameproject\過去作成のゲーム\FevSubmissionGame\SceneManager.h(20,3): warning C4091: 'typedef ': 変数が何も宣言されていないときは、'SceneManager::Scene' の左辺を無視します。
  コードを生成中...
  FevSubmissionGame.vcxproj -> C:\Users\fko2347033\Desktop\gameproject\過去作成のゲーム\FevSubmissionGame\x64\Debug\FevSubmissionGame.exe
