  Application.cpp
C:\_DxLib_VC\プロジェクトに追加すべきファイル_VC用\DxLib.h(3344,1): warning C4819: ファイルは、現在のコード ページ (932) で表示できない文字を含んでいます。データの損失を防ぐために、ファイルを Unicode 形式で保存してください。
C:\Users\fko2347033\Desktop\Dx.Lib\C++DX\0920p\Scene.h(13,14): error C2143: 構文エラー: ';' が '&' の前にありません。
C:\Users\fko2347033\Desktop\Dx.Lib\C++DX\0920p\Scene.h(13,14): error C4430: 型指定子がありません - int と仮定しました。メモ: C++ は int を既定値としてサポートしていません
C:\Users\fko2347033\Desktop\Dx.Lib\C++DX\0920p\Scene.h(13,24): error C2238: ';' の前に無効なトークンがあります。
C:\Users\fko2347033\Desktop\Dx.Lib\C++DX\0920p\Scene.h(28,21): error C2061: 構文エラー: 識別子 'SceneManeger'
C:\Users\fko2347033\Desktop\Dx.Lib\C++DX\0920p\Scene.h(28,43): error C2533: 'Scene': コンストラクターの宣言に戻り値の型が含まれています。
C:\Users\fko2347033\Desktop\Dx.Lib\C++DX\0920p\Application.cpp(16,14): error C2511: 'Application::Application(void)': オーバーロードされたメンバー関数が 'Application' にありません。
C:\Users\fko2347033\Desktop\Dx.Lib\C++DX\0920p\Application.h(7,7): message : 'Application' の宣言を確認してください
  GameOverScene.cpp
C:\Users\fko2347033\Desktop\Dx.Lib\C++DX\0920p\SceneManeger.h(5,1): error C2504: 'Scene': 定義されていない基底クラスが宣言されています。
C:\Users\fko2347033\Desktop\Dx.Lib\C++DX\0920p\SceneManeger.h(17,35): error C2065: 'Scene': 定義されていない識別子です。
C:\Users\fko2347033\Desktop\Dx.Lib\C++DX\0920p\SceneManeger.h(17,24): error C2923: 'std::shared_ptr': 'Scene' は、パラメーター '_Ty' の有効な テンプレート 型引数ではありません
C:\Users\fko2347033\Desktop\Dx.Lib\C++DX\0920p\SceneManeger.h(17,35): message : 'Scene' の宣言を確認してください
C:\Users\fko2347033\Desktop\Dx.Lib\C++DX\0920p\SceneManeger.h(19,33): error C2065: 'Scene': 定義されていない識別子です。
C:\Users\fko2347033\Desktop\Dx.Lib\C++DX\0920p\SceneManeger.h(19,22): error C2923: 'std::shared_ptr': 'Scene' は、パラメーター '_Ty' の有効な テンプレート 型引数ではありません
C:\Users\fko2347033\Desktop\Dx.Lib\C++DX\0920p\SceneManeger.h(19,33): message : 'Scene' の宣言を確認してください
C:\Users\fko2347033\Desktop\Dx.Lib\C++DX\0920p\Scene.h(28,43): error C2533: 'Scene': コンストラクターの宣言に戻り値の型が含まれています。
  GamePlayingScene.cpp
C:\Users\fko2347033\Desktop\Dx.Lib\C++DX\0920p\SceneManeger.h(5,1): error C2504: 'Scene': 定義されていない基底クラスが宣言されています。
C:\Users\fko2347033\Desktop\Dx.Lib\C++DX\0920p\SceneManeger.h(17,35): error C2065: 'Scene': 定義されていない識別子です。
C:\Users\fko2347033\Desktop\Dx.Lib\C++DX\0920p\SceneManeger.h(17,24): error C2923: 'std::shared_ptr': 'Scene' は、パラメーター '_Ty' の有効な テンプレート 型引数ではありません
C:\Users\fko2347033\Desktop\Dx.Lib\C++DX\0920p\SceneManeger.h(17,35): message : 'Scene' の宣言を確認してください
C:\Users\fko2347033\Desktop\Dx.Lib\C++DX\0920p\SceneManeger.h(19,33): error C2065: 'Scene': 定義されていない識別子です。
C:\Users\fko2347033\Desktop\Dx.Lib\C++DX\0920p\SceneManeger.h(19,22): error C2923: 'std::shared_ptr': 'Scene' は、パラメーター '_Ty' の有効な テンプレート 型引数ではありません
C:\Users\fko2347033\Desktop\Dx.Lib\C++DX\0920p\SceneManeger.h(19,33): message : 'Scene' の宣言を確認してください
C:\Users\fko2347033\Desktop\Dx.Lib\C++DX\0920p\Scene.h(28,43): error C2533: 'Scene': コンストラクターの宣言に戻り値の型が含まれています。
C:\Users\fko2347033\Desktop\Dx.Lib\C++DX\0920p\GamePlayingScene.h(12,3): error C2146: 構文エラー: ':' が、識別子 'GamePlayingScene' の前に必要です。
C:\Users\fko2347033\Desktop\Dx.Lib\C++DX\0920p\GamePlayingScene.h(12,38): error C2238: ';' の前に無効なトークンがあります。
C:\Users\fko2347033\Desktop\Dx.Lib\C++DX\0920p\TitleScene.h(12,27): error C2653: 'PauseScene': 識別子がクラス名でも名前空間名でもありません。
C:\Users\fko2347033\Desktop\Dx.Lib\C++DX\0920p\TitleScene.h(12,40): error C2061: 構文エラー: 識別子 'PauseScene'
C:\Users\fko2347033\Desktop\Dx.Lib\C++DX\0920p\TitleScene.h(13,17): error C3646: 'updateFunc_': 不明なオーバーライド指定子です
C:\Users\fko2347033\Desktop\Dx.Lib\C++DX\0920p\TitleScene.h(13,28): error C4430: 型指定子がありません - int と仮定しました。メモ: C++ は int を既定値としてサポートしていません
C:\Users\fko2347033\Desktop\Dx.Lib\C++DX\0920p\TitleScene.h(17,13): error C3646: 'drawFunc_': 不明なオーバーライド指定子です
C:\Users\fko2347033\Desktop\Dx.Lib\C++DX\0920p\TitleScene.h(17,22): error C4430: 型指定子がありません - int と仮定しました。メモ: C++ は int を既定値としてサポートしていません
C:\_DxLib_VC\プロジェクトに追加すべきファイル_VC用\DxLib.h(3344,1): warning C4819: ファイルは、現在のコード ページ (932) で表示できない文字を含んでいます。データの損失を防ぐために、ファイルを Unicode 形式で保存してください。
C:\Users\fko2347033\Desktop\Dx.Lib\C++DX\0920p\GamePlayingScene.cpp(11,22): error C2059: 構文エラー: ')'
  Input.cpp
C:\Users\fko2347033\Desktop\Dx.Lib\C++DX\0920p\SceneManeger.h(5,1): error C2504: 'Scene': 定義されていない基底クラスが宣言されています。
C:\Users\fko2347033\Desktop\Dx.Lib\C++DX\0920p\SceneManeger.h(17,35): error C2065: 'Scene': 定義されていない識別子です。
C:\Users\fko2347033\Desktop\Dx.Lib\C++DX\0920p\SceneManeger.h(17,24): error C2923: 'std::shared_ptr': 'Scene' は、パラメーター '_Ty' の有効な テンプレート 型引数ではありません
C:\Users\fko2347033\Desktop\Dx.Lib\C++DX\0920p\SceneManeger.h(17,35): message : 'Scene' の宣言を確認してください
C:\Users\fko2347033\Desktop\Dx.Lib\C++DX\0920p\SceneManeger.h(19,33): error C2065: 'Scene': 定義されていない識別子です。
C:\Users\fko2347033\Desktop\Dx.Lib\C++DX\0920p\SceneManeger.h(19,22): error C2923: 'std::shared_ptr': 'Scene' は、パラメーター '_Ty' の有効な テンプレート 型引数ではありません
C:\Users\fko2347033\Desktop\Dx.Lib\C++DX\0920p\SceneManeger.h(19,33): message : 'Scene' の宣言を確認してください
C:\Users\fko2347033\Desktop\Dx.Lib\C++DX\0920p\Scene.h(28,43): error C2533: 'Scene': コンストラクターの宣言に戻り値の型が含まれています。
C:\Users\fko2347033\Desktop\Dx.Lib\C++DX\0920p\KeyConfigScene.h(32,72): error C2614: 'KeyConfigScene': イニシャライズ リスト内のクラス 'input_' が基底クラスでもメンバーでもありません。
C:\Users\fko2347033\Desktop\Dx.Lib\C++DX\0920p\Input.h(32,29): error C3646: 'inputDate_': 不明なオーバーライド指定子です
C:\Users\fko2347033\Desktop\Dx.Lib\C++DX\0920p\Input.h(32,7): error C2838: 'map': メンバー宣言内の限定名が間違っています
C:\_DxLib_VC\プロジェクトに追加すべきファイル_VC用\DxLib.h(3344,1): warning C4819: ファイルは、現在のコード ページ (932) で表示できない文字を含んでいます。データの損失を防ぐために、ファイルを Unicode 形式で保存してください。
C:\Users\fko2347033\Desktop\Dx.Lib\C++DX\0920p\Input.cpp(9,27): error C2039: 'GetCommandTable': 'Input' のメンバーではありません
C:\Users\fko2347033\Desktop\Dx.Lib\C++DX\0920p\Input.h(19,7): message : 'Input' の宣言を確認してください
C:\Users\fko2347033\Desktop\Dx.Lib\C++DX\0920p\Input.cpp(10,1): error C2270: 'GetCommandTable': メンバーでない関数が、メモリ モデル修飾子を伴って宣言されています。
C:\Users\fko2347033\Desktop\Dx.Lib\C++DX\0920p\Input.cpp(11,21): error C2065: 'commandtable_': 定義されていない識別子です。
C:\Users\fko2347033\Desktop\Dx.Lib\C++DX\0920p\Input.cpp(12,2): error C2530: 'ex': 参照が初期化されずに宣言されています。
C:\Users\fko2347033\Desktop\Dx.Lib\C++DX\0920p\Input.cpp(12,2): error C3531: 'ex': 'auto' を含む型のシンボルには初期化子が必要です
C:\Users\fko2347033\Desktop\Dx.Lib\C++DX\0920p\Input.cpp(12,22): error C2143: 構文エラー: ';' が ':' の前にありません。
C:\Users\fko2347033\Desktop\Dx.Lib\C++DX\0920p\Input.cpp(12,24): error C2143: 構文エラー: ';' が ')' の前にありません。
C:\Users\fko2347033\Desktop\Dx.Lib\C++DX\0920p\Input.cpp(14,6): error C2665: 'std::_Tree<std::_Tmap_traits<_Kty,_Ty,_Pr,_Alloc,false>>::erase': オーバーロードされた関数ですべての引数の型を変換できませんでした
          with
          [
              _Kty=std::string,
              _Ty=std::map<InputType,int,std::less<InputType>,std::allocator<std::pair<const InputType,int>>>,
              _Pr=std::less<std::string>,
              _Alloc=std::allocator<std::pair<const std::string,std::map<InputType,int,std::less<InputType>,std::allocator<std::pair<const InputType,int>>>>>
          ]
C:\Program Files\Microsoft Visual Studio\2022\Community\VC\Tools\MSVC\14.34.31933\include\xtree(1341,15): message : 'unsigned int std::_Tree<std::_Tmap_traits<_Kty,_Ty,_Pr,_Alloc,false>>::erase(const std::basic_string<char,std::char_traits<char>,std::allocator<char>> &) noexcept(<expr>)' の可能性があります
          with
          [
              _Kty=std::string,
              _Ty=std::map<InputType,int,std::less<InputType>,std::allocator<std::pair<const InputType,int>>>,
              _Pr=std::less<std::string>,
              _Alloc=std::allocator<std::pair<const std::string,std::map<InputType,int,std::less<InputType>,std::allocator<std::pair<const InputType,int>>>>>
          ]
C:\Users\fko2347033\Desktop\Dx.Lib\C++DX\0920p\Input.cpp(14,6): message : 'unsigned int std::_Tree<std::_Tmap_traits<_Kty,_Ty,_Pr,_Alloc,false>>::erase(const std::basic_string<char,std::char_traits<char>,std::allocator<char>> &) noexcept(<expr>)': 引数 1 を 'int' から 'const std::basic_string<char,std::char_traits<char>,std::allocator<char>> &' へ変換できません。
          with
          [
              _Kty=std::string,
              _Ty=std::map<InputType,int,std::less<InputType>,std::allocator<std::pair<const InputType,int>>>,
              _Pr=std::less<std::string>,
              _Alloc=std::allocator<std::pair<const std::string,std::map<InputType,int,std::less<InputType>,std::allocator<std::pair<const InputType,int>>>>>
          ]
C:\Users\fko2347033\Desktop\Dx.Lib\C++DX\0920p\Input.cpp(14,13): message : 理由: 'int' から 'const std::basic_string<char,std::char_traits<char>,std::allocator<char>>' へは変換できません。
C:\Users\fko2347033\Desktop\Dx.Lib\C++DX\0920p\Input.cpp(14,13): message : コンストラクターはソース型を持てません、またはコンストラクターのオーバーロードの解決があいまいです。
C:\Program Files\Microsoft Visual Studio\2022\Community\VC\Tools\MSVC\14.34.31933\include\xtree(1328,14): message : または 'std::_Tree_iterator<std::_Tree_val<std::_Tree_simple_types<std::pair<const std::string,std::map<InputType,int,std::less<InputType>,std::allocator<std::pair<const InputType,int>>>>>>> std::_Tree<std::_Tmap_traits<_Kty,_Ty,_Pr,_Alloc,false>>::erase(std::_Tree_const_iterator<std::_Tree_val<std::_Tree_simple_types<std::pair<const std::string,std::map<InputType,int,std::less<InputType>,std::allocator<std::pair<const InputType,int>>>>>>>) noexcept'
          with
          [
              _Kty=std::string,
              _Ty=std::map<InputType,int,std::less<InputType>,std::allocator<std::pair<const InputType,int>>>,
              _Pr=std::less<std::string>,
              _Alloc=std::allocator<std::pair<const std::string,std::map<InputType,int,std::less<InputType>,std::allocator<std::pair<const InputType,int>>>>>
          ]
C:\Users\fko2347033\Desktop\Dx.Lib\C++DX\0920p\Input.cpp(14,6): message : 'std::_Tree_iterator<std::_Tree_val<std::_Tree_simple_types<std::pair<const std::string,std::map<InputType,int,std::less<InputType>,std::allocator<std::pair<const InputType,int>>>>>>> std::_Tree<std::_Tmap_traits<_Kty,_Ty,_Pr,_Alloc,false>>::erase(std::_Tree_const_iterator<std::_Tree_val<std::_Tree_simple_types<std::pair<const std::string,std::map<InputType,int,std::less<InputType>,std::allocator<std::pair<const InputType,int>>>>>>>) noexcept': 引数 1 を 'int' から 'std::_Tree_const_iterator<std::_Tree_val<std::_Tree_simple_types<std::pair<const std::string,std::map<InputType,int,std::less<InputType>,std::allocator<std::pair<const InputType,int>>>>>>>' へ変換できません。
          with
          [
              _Kty=std::string,
              _Ty=std::map<InputType,int,std::less<InputType>,std::allocator<std::pair<const InputType,int>>>,
              _Pr=std::less<std::string>,
              _Alloc=std::allocator<std::pair<const std::string,std::map<InputType,int,std::less<InputType>,std::allocator<std::pair<const InputType,int>>>>>
          ]
C:\Users\fko2347033\Desktop\Dx.Lib\C++DX\0920p\Input.cpp(14,13): message : コンストラクターはソース型を持てません、またはコンストラクターのオーバーロードの解決があいまいです。
C:\Program Files\Microsoft Visual Studio\2022\Community\VC\Tools\MSVC\14.34.31933\include\xtree(1319,14): message : または 'std::_Tree_iterator<std::_Tree_val<std::_Tree_simple_types<std::pair<const std::string,std::map<InputType,int,std::less<InputType>,std::allocator<std::pair<const InputType,int>>>>>>> std::_Tree<std::_Tmap_traits<_Kty,_Ty,_Pr,_Alloc,false>>::erase(std::_Tree_iterator<std::_Tree_val<std::_Tree_simple_types<std::pair<const std::string,std::map<InputType,int,std::less<InputType>,std::allocator<std::pair<const InputType,int>>>>>>>) noexcept'
          with
          [
              _Kty=std::string,
              _Ty=std::map<InputType,int,std::less<InputType>,std::allocator<std::pair<const InputType,int>>>,
              _Pr=std::less<std::string>,
              _Alloc=std::allocator<std::pair<const std::string,std::map<InputType,int,std::less<InputType>,std::allocator<std::pair<const InputType,int>>>>>
          ]
C:\Users\fko2347033\Desktop\Dx.Lib\C++DX\0920p\Input.cpp(14,13): message : '初期化中': 'int' から 'std::_Tree_iterator<std::_Tree_val<std::_Tree_simple_types<std::pair<const std::string,std::map<InputType,int,std::less<InputType>,std::allocator<std::pair<const InputType,int>>>>>>>' に変換できません。
C:\Users\fko2347033\Desktop\Dx.Lib\C++DX\0920p\Input.cpp(14,13): message : コンストラクターはソース型を持てません、またはコンストラクターのオーバーロードの解決があいまいです。
C:\Users\fko2347033\Desktop\Dx.Lib\C++DX\0920p\Input.cpp(14,6): message : 引数リスト '(int)' を一致させようとしているとき
C:\Users\fko2347033\Desktop\Dx.Lib\C++DX\0920p\Input.cpp(32,20): error C2065: 'keystate': 定義されていない識別子です。
C:\Users\fko2347033\Desktop\Dx.Lib\C++DX\0920p\Input.cpp(33,2): error C2065: 'lastKeyState_': 定義されていない識別子です。
C:\Users\fko2347033\Desktop\Dx.Lib\C++DX\0920p\Input.cpp(33,18): error C2065: 'keyState_': 定義されていない識別子です。
C:\Users\fko2347033\Desktop\Dx.Lib\C++DX\0920p\Input.cpp(37,17): error C2065: 'inputDate_': 定義されていない識別子です。
C:\Users\fko2347033\Desktop\Dx.Lib\C++DX\0920p\Input.cpp(37,15): error C2530: 'input': 参照が初期化されずに宣言されています。
C:\Users\fko2347033\Desktop\Dx.Lib\C++DX\0920p\Input.cpp(39,9): error C3536: 'input': 初期化前に使用することはできません
C:\Users\fko2347033\Desktop\Dx.Lib\C++DX\0920p\Input.cpp(40,5): error C3551: 後置戻り型が使用されている場合、先頭の戻り型は単一の型指定子 'auto' ('オーバーロードされた関数タイプ' ではない) でなければなりません
C:\Users\fko2347033\Desktop\Dx.Lib\C++DX\0920p\Input.cpp(40,24): error C3484: 構文エラー: 戻り値の型の前に '->' が必要です
C:\Users\fko2347033\Desktop\Dx.Lib\C++DX\0920p\Input.cpp(40,25): error C3613: '->' の後に戻り型が指定されていません ('int' と見なされます)
C:\Users\fko2347033\Desktop\Dx.Lib\C++DX\0920p\Input.cpp(40,31): error C4430: 型指定子がありません - int と仮定しました。メモ: C++ は int を既定値としてサポートしていません
C:\Users\fko2347033\Desktop\Dx.Lib\C++DX\0920p\Input.cpp(40,25): error C2061: 構文エラー: 識別子 'second'
C:\Users\fko2347033\Desktop\Dx.Lib\C++DX\0920p\Input.cpp(40,31): error C2059: 構文エラー: ')'
C:\Users\fko2347033\Desktop\Dx.Lib\C++DX\0920p\Input.cpp(41,3): error C2143: 構文エラー: ';' が '{' の前にありません。
C:\Users\fko2347033\Desktop\Dx.Lib\C++DX\0920p\Input.cpp(49,3): error C2181: else 文が if と一致しません。
C:\Users\fko2347033\Desktop\Dx.Lib\C++DX\0920p\Input.cpp(65,13): error C2084: 関数 'bool Input::IsTriggered(const char *) const' は既に本体を持っています。
C:\Users\fko2347033\Desktop\Dx.Lib\C++DX\0920p\Input.h(50,7): message : 'IsTriggered' の以前の定義を確認してください
C:\Users\fko2347033\Desktop\Dx.Lib\C++DX\0920p\Input.cpp(70,1): error C2143: 構文エラー: ';' が '}' の前にありません。
  KeyConfigScene.cpp
C:\Users\fko2347033\Desktop\Dx.Lib\C++DX\0920p\SceneManeger.h(5,1): error C2504: 'Scene': 定義されていない基底クラスが宣言されています。
C:\Users\fko2347033\Desktop\Dx.Lib\C++DX\0920p\SceneManeger.h(17,35): error C2065: 'Scene': 定義されていない識別子です。
C:\Users\fko2347033\Desktop\Dx.Lib\C++DX\0920p\SceneManeger.h(17,24): error C2923: 'std::shared_ptr': 'Scene' は、パラメーター '_Ty' の有効な テンプレート 型引数ではありません
C:\Users\fko2347033\Desktop\Dx.Lib\C++DX\0920p\SceneManeger.h(17,35): message : 'Scene' の宣言を確認してください
C:\Users\fko2347033\Desktop\Dx.Lib\C++DX\0920p\SceneManeger.h(19,33): error C2065: 'Scene': 定義されていない識別子です。
C:\Users\fko2347033\Desktop\Dx.Lib\C++DX\0920p\SceneManeger.h(19,22): error C2923: 'std::shared_ptr': 'Scene' は、パラメーター '_Ty' の有効な テンプレート 型引数ではありません
C:\Users\fko2347033\Desktop\Dx.Lib\C++DX\0920p\SceneManeger.h(19,33): message : 'Scene' の宣言を確認してください
C:\Users\fko2347033\Desktop\Dx.Lib\C++DX\0920p\Scene.h(28,43): error C2533: 'Scene': コンストラクターの宣言に戻り値の型が含まれています。
C:\Users\fko2347033\Desktop\Dx.Lib\C++DX\0920p\Input.h(32,29): error C3646: 'inputDate_': 不明なオーバーライド指定子です
C:\Users\fko2347033\Desktop\Dx.Lib\C++DX\0920p\Input.h(32,7): error C2838: 'map': メンバー宣言内の限定名が間違っています
C:\Users\fko2347033\Desktop\Dx.Lib\C++DX\0920p\KeyConfigScene.h(32,72): error C2614: 'KeyConfigScene': イニシャライズ リスト内のクラス 'input_' が基底クラスでもメンバーでもありません。
C:\_DxLib_VC\プロジェクトに追加すべきファイル_VC用\DxLib.h(3344,1): warning C4819: ファイルは、現在のコード ページ (932) で表示できない文字を含んでいます。データの損失を防ぐために、ファイルを Unicode 形式で保存してください。
C:\Users\fko2347033\Desktop\Dx.Lib\C++DX\0920p\KeyConfigScene.cpp(40,29): error C2065: 'input': 定義されていない識別子です。
C:\Users\fko2347033\Desktop\Dx.Lib\C++DX\0920p\KeyConfigScene.cpp(40,18): error C2737: 'cmdTable': constexpr オブジェクトを初期化する必要があります
C:\Users\fko2347033\Desktop\Dx.Lib\C++DX\0920p\KeyConfigScene.cpp(47,2): error C2530: 'cmd': 参照が初期化されずに宣言されています。
C:\Users\fko2347033\Desktop\Dx.Lib\C++DX\0920p\KeyConfigScene.cpp(47,2): error C3531: 'cmd': 'auto' を含む型のシンボルには初期化子が必要です
C:\Users\fko2347033\Desktop\Dx.Lib\C++DX\0920p\KeyConfigScene.cpp(47,21): error C2143: 構文エラー: ';' が ':' の前にありません。
C:\Users\fko2347033\Desktop\Dx.Lib\C++DX\0920p\KeyConfigScene.cpp(47,22): error C2143: 構文エラー: ';' が ')' の前にありません。
C:\Users\fko2347033\Desktop\Dx.Lib\C++DX\0920p\KeyConfigScene.cpp(51,2): error C2059: 構文エラー: '}'
C:\Users\fko2347033\Desktop\Dx.Lib\C++DX\0920p\KeyConfigScene.cpp(72,3): error C2065: 'isEditingNow': 定義されていない識別子です。
C:\Users\fko2347033\Desktop\Dx.Lib\C++DX\0920p\KeyConfigScene.cpp(74,2): error C2143: 構文エラー: ';' が '}' の前にありません。
C:\Users\fko2347033\Desktop\Dx.Lib\C++DX\0920p\KeyConfigScene.cpp(81,17): error C2065: 'keyCommandTable_': 定義されていない識別子です。
C:\Users\fko2347033\Desktop\Dx.Lib\C++DX\0920p\KeyConfigScene.cpp(81,2): error C2530: 'cmd': 参照が初期化されずに宣言されています。
C:\Users\fko2347033\Desktop\Dx.Lib\C++DX\0920p\KeyConfigScene.cpp(81,2): error C3531: 'cmd': 'auto' を含む型のシンボルには初期化子が必要です
C:\Users\fko2347033\Desktop\Dx.Lib\C++DX\0920p\KeyConfigScene.cpp(81,16): error C2143: 構文エラー: ';' が ':' の前にありません。
C:\Users\fko2347033\Desktop\Dx.Lib\C++DX\0920p\KeyConfigScene.cpp(81,33): error C2143: 構文エラー: ';' が ')' の前にありません。
  PauseScene.cpp
C:\Users\fko2347033\Desktop\Dx.Lib\C++DX\0920p\SceneManeger.h(5,1): error C2504: 'Scene': 定義されていない基底クラスが宣言されています。
C:\Users\fko2347033\Desktop\Dx.Lib\C++DX\0920p\SceneManeger.h(17,35): error C2065: 'Scene': 定義されていない識別子です。
C:\Users\fko2347033\Desktop\Dx.Lib\C++DX\0920p\SceneManeger.h(17,24): error C2923: 'std::shared_ptr': 'Scene' は、パラメーター '_Ty' の有効な テンプレート 型引数ではありません
C:\Users\fko2347033\Desktop\Dx.Lib\C++DX\0920p\SceneManeger.h(17,35): message : 'Scene' の宣言を確認してください
C:\Users\fko2347033\Desktop\Dx.Lib\C++DX\0920p\SceneManeger.h(19,33): error C2065: 'Scene': 定義されていない識別子です。
C:\Users\fko2347033\Desktop\Dx.Lib\C++DX\0920p\SceneManeger.h(19,22): error C2923: 'std::shared_ptr': 'Scene' は、パラメーター '_Ty' の有効な テンプレート 型引数ではありません
C:\Users\fko2347033\Desktop\Dx.Lib\C++DX\0920p\SceneManeger.h(19,33): message : 'Scene' の宣言を確認してください
C:\Users\fko2347033\Desktop\Dx.Lib\C++DX\0920p\Scene.h(28,43): error C2533: 'Scene': コンストラクターの宣言に戻り値の型が含まれています。
C:\Users\fko2347033\Desktop\Dx.Lib\C++DX\0920p\KeyConfigScene.h(32,72): error C2614: 'KeyConfigScene': イニシャライズ リスト内のクラス 'input_' が基底クラスでもメンバーでもありません。
C:\Users\fko2347033\Desktop\Dx.Lib\C++DX\0920p\Input.h(32,29): error C3646: 'inputDate_': 不明なオーバーライド指定子です
C:\Users\fko2347033\Desktop\Dx.Lib\C++DX\0920p\Input.h(32,7): error C2838: 'map': メンバー宣言内の限定名が間違っています
C:\_DxLib_VC\プロジェクトに追加すべきファイル_VC用\DxLib.h(3344,1): warning C4819: ファイルは、現在のコード ページ (932) で表示できない文字を含んでいます。データの損失を防ぐために、ファイルを Unicode 形式で保存してください。
C:\Users\fko2347033\Desktop\Dx.Lib\C++DX\0920p\PauseScene.cpp(18,21): error C2059: 構文エラー: '='
C:\Users\fko2347033\Desktop\Dx.Lib\C++DX\0920p\PauseScene.cpp(20,31): error C2143: 構文エラー: ';' が '/' の前にありません。
C:\Users\fko2347033\Desktop\Dx.Lib\C++DX\0920p\PauseScene.cpp(20,31): error C2059: 構文エラー: '/'
C:\Users\fko2347033\Desktop\Dx.Lib\C++DX\0920p\PauseScene.cpp(23,37): error C2065: 'flame_': 定義されていない識別子です。
C:\Users\fko2347033\Desktop\Dx.Lib\C++DX\0920p\PauseScene.cpp(23,47): error C3688: リテラル サフィックス 'fl' が無効です。リテラル演算子またはリテラル演算子テンプレート 'operator ""fl' が見つかりません
  Scene.cpp
C:\Users\fko2347033\Desktop\Dx.Lib\C++DX\0920p\SceneManeger.h(5,1): error C2504: 'Scene': 定義されていない基底クラスが宣言されています。
C:\Users\fko2347033\Desktop\Dx.Lib\C++DX\0920p\SceneManeger.h(17,35): error C2065: 'Scene': 定義されていない識別子です。
C:\Users\fko2347033\Desktop\Dx.Lib\C++DX\0920p\SceneManeger.h(17,24): error C2923: 'std::shared_ptr': 'Scene' は、パラメーター '_Ty' の有効な テンプレート 型引数ではありません
C:\Users\fko2347033\Desktop\Dx.Lib\C++DX\0920p\SceneManeger.h(17,35): message : 'Scene' の宣言を確認してください
C:\Users\fko2347033\Desktop\Dx.Lib\C++DX\0920p\SceneManeger.h(19,33): error C2065: 'Scene': 定義されていない識別子です。
C:\Users\fko2347033\Desktop\Dx.Lib\C++DX\0920p\SceneManeger.h(19,22): error C2923: 'std::shared_ptr': 'Scene' は、パラメーター '_Ty' の有効な テンプレート 型引数ではありません
C:\Users\fko2347033\Desktop\Dx.Lib\C++DX\0920p\SceneManeger.h(19,33): message : 'Scene' の宣言を確認してください
C:\Users\fko2347033\Desktop\Dx.Lib\C++DX\0920p\Scene.h(28,43): error C2533: 'Scene': コンストラクターの宣言に戻り値の型が含まれています。
  SceneManeger.cpp
C:\Users\fko2347033\Desktop\Dx.Lib\C++DX\0920p\Scene.h(13,14): error C2143: 構文エラー: ';' が '&' の前にありません。
C:\Users\fko2347033\Desktop\Dx.Lib\C++DX\0920p\Scene.h(13,14): error C4430: 型指定子がありません - int と仮定しました。メモ: C++ は int を既定値としてサポートしていません
C:\Users\fko2347033\Desktop\Dx.Lib\C++DX\0920p\Scene.h(13,24): error C2238: ';' の前に無効なトークンがあります。
C:\Users\fko2347033\Desktop\Dx.Lib\C++DX\0920p\Scene.h(28,21): error C2061: 構文エラー: 識別子 'SceneManeger'
C:\Users\fko2347033\Desktop\Dx.Lib\C++DX\0920p\Scene.h(28,43): error C2533: 'Scene': コンストラクターの宣言に戻り値の型が含まれています。
C:\_DxLib_VC\プロジェクトに追加すべきファイル_VC用\DxLib.h(3344,1): warning C4819: ファイルは、現在のコード ページ (932) で表示できない文字を含んでいます。データの損失を防ぐために、ファイルを Unicode 形式で保存してください。
C:\Users\fko2347033\Desktop\Dx.Lib\C++DX\0920p\SceneManeger.cpp(22,2): error C2065: 'scene_': 定義されていない識別子です。
  StrungUtlity.cpp
C:\Users\fko2347033\Desktop\Dx.Lib\C++DX\0920p\StrungUtlity.h(18,14): error C2039: 'wstring': 'std' のメンバーではありません
C:\Users\fko2347033\Desktop\Dx.Lib\C++DX\0920p\predefined C++ types (compiler internal)(341,11): message : 'std' の宣言を確認してください
C:\Users\fko2347033\Desktop\Dx.Lib\C++DX\0920p\StrungUtlity.h(22,1): error C2143: 構文エラー: ';' が '}' の前にありません。
C:\Users\fko2347033\Desktop\Dx.Lib\C++DX\0920p\StrungUtlity.h(22,1): error C4430: 型指定子がありません - int と仮定しました。メモ: C++ は int を既定値としてサポートしていません
C:\Users\fko2347033\Desktop\Dx.Lib\C++DX\0920p\StrungUtlity.cpp(27,1): error C2144: 構文エラー: 'bool' は ';' によって先行されなければなりません。
  TitleScene.cpp
C:\Users\fko2347033\Desktop\Dx.Lib\C++DX\0920p\SceneManeger.h(5,1): error C2504: 'Scene': 定義されていない基底クラスが宣言されています。
C:\Users\fko2347033\Desktop\Dx.Lib\C++DX\0920p\SceneManeger.h(17,35): error C2065: 'Scene': 定義されていない識別子です。
C:\Users\fko2347033\Desktop\Dx.Lib\C++DX\0920p\SceneManeger.h(17,24): error C2923: 'std::shared_ptr': 'Scene' は、パラメーター '_Ty' の有効な テンプレート 型引数ではありません
C:\Users\fko2347033\Desktop\Dx.Lib\C++DX\0920p\SceneManeger.h(17,35): message : 'Scene' の宣言を確認してください
C:\Users\fko2347033\Desktop\Dx.Lib\C++DX\0920p\SceneManeger.h(19,33): error C2065: 'Scene': 定義されていない識別子です。
C:\Users\fko2347033\Desktop\Dx.Lib\C++DX\0920p\SceneManeger.h(19,22): error C2923: 'std::shared_ptr': 'Scene' は、パラメーター '_Ty' の有効な テンプレート 型引数ではありません
C:\Users\fko2347033\Desktop\Dx.Lib\C++DX\0920p\SceneManeger.h(19,33): message : 'Scene' の宣言を確認してください
C:\Users\fko2347033\Desktop\Dx.Lib\C++DX\0920p\Scene.h(28,43): error C2533: 'Scene': コンストラクターの宣言に戻り値の型が含まれています。
C:\Users\fko2347033\Desktop\Dx.Lib\C++DX\0920p\TitleScene.h(12,27): error C2653: 'PauseScene': 識別子がクラス名でも名前空間名でもありません。
C:\Users\fko2347033\Desktop\Dx.Lib\C++DX\0920p\TitleScene.h(12,40): error C2061: 構文エラー: 識別子 'PauseScene'
C:\Users\fko2347033\Desktop\Dx.Lib\C++DX\0920p\TitleScene.h(13,17): error C3646: 'updateFunc_': 不明なオーバーライド指定子です
C:\Users\fko2347033\Desktop\Dx.Lib\C++DX\0920p\TitleScene.h(13,28): error C4430: 型指定子がありません - int と仮定しました。メモ: C++ は int を既定値としてサポートしていません
C:\Users\fko2347033\Desktop\Dx.Lib\C++DX\0920p\TitleScene.h(17,13): error C3646: 'drawFunc_': 不明なオーバーライド指定子です
C:\Users\fko2347033\Desktop\Dx.Lib\C++DX\0920p\TitleScene.h(17,22): error C4430: 型指定子がありません - int と仮定しました。メモ: C++ は int を既定値としてサポートしていません
C:\Users\fko2347033\Desktop\Dx.Lib\C++DX\0920p\KeyConfigScene.h(32,72): error C2614: 'KeyConfigScene': イニシャライズ リスト内のクラス 'input_' が基底クラスでもメンバーでもありません。
C:\Users\fko2347033\Desktop\Dx.Lib\C++DX\0920p\Input.h(32,29): error C3646: 'inputDate_': 不明なオーバーライド指定子です
C:\Users\fko2347033\Desktop\Dx.Lib\C++DX\0920p\Input.h(32,7): error C2838: 'map': メンバー宣言内の限定名が間違っています
C:\Users\fko2347033\Desktop\Dx.Lib\C++DX\0920p\GamePlayingScene.h(12,3): error C2146: 構文エラー: ':' が、識別子 'GamePlayingScene' の前に必要です。
C:\Users\fko2347033\Desktop\Dx.Lib\C++DX\0920p\GamePlayingScene.h(12,38): error C2238: ';' の前に無効なトークンがあります。
C:\_DxLib_VC\プロジェクトに追加すべきファイル_VC用\DxLib.h(3344,1): warning C4819: ファイルは、現在のコード ページ (932) で表示できない文字を含んでいます。データの損失を防ぐために、ファイルを Unicode 形式で保存してください。
C:\Users\fko2347033\Desktop\Dx.Lib\C++DX\0920p\TitleScene.cpp(13,11): error C2059: 構文エラー: '.'
C:\Users\fko2347033\Desktop\Dx.Lib\C++DX\0920p\TitleScene.cpp(13,31): error C2143: 構文エラー: ';' が '{' の前にありません。
C:\Users\fko2347033\Desktop\Dx.Lib\C++DX\0920p\TitleScene.cpp(27,2): error C2660: 'DxLib::DrawString': 関数に 3 個の引数を指定できません。
C:\_DxLib_VC\プロジェクトに追加すべきファイル_VC用\DxLib.h(3780,14): message : 'DxLib::DrawString' の宣言を確認してください
C:\Users\fko2347033\Desktop\Dx.Lib\C++DX\0920p\TitleScene.cpp(27,2): message : 引数リスト '(int, int, const wchar_t [16])' を一致させようとしているとき
C:\Users\fko2347033\Desktop\Dx.Lib\C++DX\0920p\TitleScene.cpp(34,11): error C2513: 'RPC_BINDING_HANDLE': 指定された型は、識別子の名前を指定せずに宣言されています。
C:\Users\fko2347033\Desktop\Dx.Lib\C++DX\0920p\TitleScene.cpp(38,100): error C2589: '<<': スコープ解決演算子 (::) の右側にあるトークンは使えません。
C:\Users\fko2347033\Desktop\Dx.Lib\C++DX\0920p\TitleScene.cpp(38,100): error C2062: 型 'unknown-type' は不要です。
C:\Users\fko2347033\Desktop\Dx.Lib\C++DX\0920p\TitleScene.cpp(55,11): error C2059: 構文エラー: '.'
C:\Users\fko2347033\Desktop\Dx.Lib\C++DX\0920p\TitleScene.cpp(56,2): error C2143: 構文エラー: ';' が '{' の前にありません。
C:\Users\fko2347033\Desktop\Dx.Lib\C++DX\0920p\TitleScene.cpp(65,2): error C2065: 'frame_': 定義されていない識別子です。
C:\Users\fko2347033\Desktop\Dx.Lib\C++DX\0920p\TitleScene.cpp(66,6): error C2065: 'frame_': 定義されていない識別子です。
C:\Users\fko2347033\Desktop\Dx.Lib\C++DX\0920p\TitleScene.cpp(76,39): error C2059: 構文エラー: ')'
C:\Users\fko2347033\Desktop\Dx.Lib\C++DX\0920p\TitleScene.cpp(77,22): error C2065: 'handle_': 定義されていない識別子です。
  コードを生成中...
