<<<<<<< HEAD
<<<<<<< HEAD
﻿  BaseNumber.cpp
C:\_DxLib_VC\プロジェクトに追加すべきファイル_VC用\DxLib.h(3344,1): warning C4819: ファイルは、現在のコード ページ (932) で表示できない文字を含んでいます。データの損失を防ぐために、ファイルを Unicode 形式で保存してください。
  Character.cpp
C:\Users\fko2347033\Desktop\gameproject\FevSubmissionGame\Map.h(22,8): warning C4305: '初期化中': 'double' から 'float' へ切り詰めます。
C:\_DxLib_VC\プロジェクトに追加すべきファイル_VC用\DxLib.h(3344,1): warning C4819: ファイルは、現在のコード ページ (932) で表示できない文字を含んでいます。データの損失を防ぐために、ファイルを Unicode 形式で保存してください。
C:\Users\fko2347033\Desktop\gameproject\FevSubmissionGame\SceneManager.h(17,3): warning C4091: 'typedef ': 変数が何も宣言されていないときは、'SceneManager::Scene' の左辺を無視します。
C:\Users\fko2347033\Desktop\gameproject\FevSubmissionGame\Character.cpp(43,24): warning C4244: '+=': 'float' から 'int' への変換です。データが失われる可能性があります。
C:\Users\fko2347033\Desktop\gameproject\FevSubmissionGame\Character.cpp(47,60): warning C4244: '-=': 'float' から 'int' への変換です。データが失われる可能性があります。
  Enemy.cpp
C:\_DxLib_VC\プロジェクトに追加すべきファイル_VC用\DxLib.h(3344,1): warning C4819: ファイルは、現在のコード ページ (932) で表示できない文字を含んでいます。データの損失を防ぐために、ファイルを Unicode 形式で保存してください。
C:\Users\fko2347033\Desktop\gameproject\FevSubmissionGame\Map.h(22,8): warning C4305: '初期化中': 'double' から 'float' へ切り詰めます。
C:\Users\fko2347033\Desktop\gameproject\FevSubmissionGame\SceneManager.h(17,3): warning C4091: 'typedef ': 変数が何も宣言されていないときは、'SceneManager::Scene' の左辺を無視します。
  GameClearScene.cpp
C:\_DxLib_VC\プロジェクトに追加すべきファイル_VC用\DxLib.h(3344,1): warning C4819: ファイルは、現在のコード ページ (932) で表示できない文字を含んでいます。データの損失を防ぐために、ファイルを Unicode 形式で保存してください。
C:\Users\fko2347033\Desktop\gameproject\FevSubmissionGame\Map.h(22,8): warning C4305: '初期化中': 'double' から 'float' へ切り詰めます。
C:\Users\fko2347033\Desktop\gameproject\FevSubmissionGame\SceneManager.h(17,3): warning C4091: 'typedef ': 変数が何も宣言されていないときは、'SceneManager::Scene' の左辺を無視します。
  Main.cpp
C:\_DxLib_VC\プロジェクトに追加すべきファイル_VC用\Dxlib.h(3344,1): warning C4819: ファイルは、現在のコード ページ (932) で表示できない文字を含んでいます。データの損失を防ぐために、ファイルを Unicode 形式で保存してください。
C:\Users\fko2347033\Desktop\gameproject\FevSubmissionGame\Map.h(22,8): warning C4305: '初期化中': 'double' から 'float' へ切り詰めます。
C:\Users\fko2347033\Desktop\gameproject\FevSubmissionGame\SceneManager.h(17,3): warning C4091: 'typedef ': 変数が何も宣言されていないときは、'SceneManager::Scene' の左辺を無視します。
  Map.cpp
C:\Users\fko2347033\Desktop\gameproject\FevSubmissionGame\Map.h(22,8): warning C4305: '初期化中': 'double' から 'float' へ切り詰めます。
C:\_DxLib_VC\プロジェクトに追加すべきファイル_VC用\DxLib.h(3344,1): warning C4819: ファイルは、現在のコード ページ (932) で表示できない文字を含んでいます。データの損失を防ぐために、ファイルを Unicode 形式で保存してください。
C:\Users\fko2347033\Desktop\gameproject\FevSubmissionGame\SceneManager.h(17,3): warning C4091: 'typedef ': 変数が何も宣言されていないときは、'SceneManager::Scene' の左辺を無視します。
  OptionScene.cpp
C:\_DxLib_VC\プロジェクトに追加すべきファイル_VC用\DxLib.h(3344,1): warning C4819: ファイルは、現在のコード ページ (932) で表示できない文字を含んでいます。データの損失を防ぐために、ファイルを Unicode 形式で保存してください。
  SceneManager.cpp
C:\_DxLib_VC\プロジェクトに追加すべきファイル_VC用\DxLib.h(3344,1): warning C4819: ファイルは、現在のコード ページ (932) で表示できない文字を含んでいます。データの損失を防ぐために、ファイルを Unicode 形式で保存してください。
C:\Users\fko2347033\Desktop\gameproject\FevSubmissionGame\SceneManager.h(17,3): warning C4091: 'typedef ': 変数が何も宣言されていないときは、'SceneManager::Scene' の左辺を無視します。
C:\Users\fko2347033\Desktop\gameproject\FevSubmissionGame\Map.h(22,8): warning C4305: '初期化中': 'double' から 'float' へ切り詰めます。
  TitleScene.cpp
C:\_DxLib_VC\プロジェクトに追加すべきファイル_VC用\DxLib.h(3344,1): warning C4819: ファイルは、現在のコード ページ (932) で表示できない文字を含んでいます。データの損失を防ぐために、ファイルを Unicode 形式で保存してください。
C:\Users\fko2347033\Desktop\gameproject\FevSubmissionGame\SceneManager.h(17,3): warning C4091: 'typedef ': 変数が何も宣言されていないときは、'SceneManager::Scene' の左辺を無視します。
  コード生成しています。
  4 of 58 functions ( 6.9%) were compiled, the rest were copied from previous compilation.
    0 functions were new in current compilation
    0 functions had inline decision re-evaluated but remain unchanged
  コード生成が終了しました。
  FevSubmissionGame.vcxproj -> C:\Users\fko2347033\Desktop\gameproject\FevSubmissionGame\x64\Release\FevSubmissionGame.exe
=======
=======
>>>>>>> 2ad6b3a2c1808028c85419110a479e8cbe503a90
﻿  Main.cpp
C:\Users\fko2347033\Documents\sintyoku20240125\gameproject\FevSubmissionGame\SceneManager.h(17,3): warning C4091: 'typedef ': 変数が何も宣言されていないときは、'SceneManager::Scene' の左辺を無視します。
  コード生成しています。
  1 of 57 functions ( 1.8%) were compiled, the rest were copied from previous compilation.
    0 functions were new in current compilation
    2 functions had inline decision re-evaluated but remain unchanged
  コード生成が終了しました。
  FevSubmissionGame.vcxproj -> C:\Users\fko2347033\Documents\sintyoku20240125\gameproject\FevSubmissionGame\x64\Release\FevSubmissionGame.exe
<<<<<<< HEAD
>>>>>>> 2ad6b3a2c1808028c85419110a479e8cbe503a90
=======
>>>>>>> 2ad6b3a2c1808028c85419110a479e8cbe503a90
