  Enemy.cpp
C:\Users\Nishimura Shuichi\Desktop\gameproject\過去作成のゲーム\FevSubmissionGame\Enemy.cpp(1,1): warning C4819: ファイルは、現在のコード ページ (932) で表示できない文字を含んでいます。データの損失を防ぐために、ファイルを Unicode 形式で保存してください。
C:\Users\Nishimura Shuichi\Desktop\gameproject\過去作成のゲーム\FevSubmissionGame\Enemy.h(18,47): error C2061: 構文エラー: 識別子 'Map'
  (ソース ファイル 'Enemy.cpp' をコンパイルしています)
  
C:\Users\Nishimura Shuichi\Desktop\gameproject\過去作成のゲーム\FevSubmissionGame\Map.h(31,15): warning C4305: '初期化中': 'double' から 'float' へ切り詰めます。
  (ソース ファイル 'Enemy.cpp' をコンパイルしています)
  
C:\Users\Nishimura Shuichi\Desktop\gameproject\過去作成のゲーム\FevSubmissionGame\SceneManager.h(15,15): warning C4091: 'typedef ': 変数が何も宣言されていないときは、'SceneManager::Scene' の左辺を無視します。
  (ソース ファイル 'Enemy.cpp' をコンパイルしています)
  
C:\Users\Nishimura Shuichi\Desktop\gameproject\過去作成のゲーム\FevSubmissionGame\Enemy.cpp(9,8): error C2761: '{ctor}': メンバーの再宣言はできません
C:\Users\Nishimura Shuichi\Desktop\gameproject\過去作成のゲーム\FevSubmissionGame\Enemy.cpp(9,17): error C4430: 型指定子がありません - int と仮定しました。メモ: C++ は int を既定値としてサポートしていません
C:\Users\Nishimura Shuichi\Desktop\gameproject\過去作成のゲーム\FevSubmissionGame\Enemy.cpp(9,31): error C4430: 型指定子がありません - int と仮定しました。メモ: C++ は int を既定値としてサポートしていません
C:\Users\Nishimura Shuichi\Desktop\gameproject\過去作成のゲーム\FevSubmissionGame\Enemy.cpp(9,45): error C4430: 型指定子がありません - int と仮定しました。メモ: C++ は int を既定値としてサポートしていません
C:\Users\Nishimura Shuichi\Desktop\gameproject\過去作成のゲーム\FevSubmissionGame\Enemy.cpp(9,58): error C4430: 型指定子がありません - int と仮定しました。メモ: C++ は int を既定値としてサポートしていません
C:\Users\Nishimura Shuichi\Desktop\gameproject\過去作成のゲーム\FevSubmissionGame\Enemy.cpp(10,1): error C2059: 構文エラー: '{'
C:\Users\Nishimura Shuichi\Desktop\gameproject\過去作成のゲーム\FevSubmissionGame\Enemy.cpp(10,1): error C2143: 構文エラー: ';' が '{' の前にありません。
C:\Users\Nishimura Shuichi\Desktop\gameproject\過去作成のゲーム\FevSubmissionGame\Enemy.cpp(10,1): error C2447: '{': 対応する関数ヘッダーがありません (旧形式の仮引数リスト?)
C:\Users\Nishimura Shuichi\Desktop\gameproject\過去作成のゲーム\FevSubmissionGame\Enemy.cpp(15,13): error C2039: 'Start': 'Enemy' のメンバーではありません
      C:\Users\Nishimura Shuichi\Desktop\gameproject\過去作成のゲーム\FevSubmissionGame\Enemy.h(6,7):
      'Enemy' の宣言を確認してください
  
C:\Users\Nishimura Shuichi\Desktop\gameproject\過去作成のゲーム\FevSubmissionGame\Enemy.cpp(25,2): error C2065: 'getX': 定義されていない識別子です。
C:\Users\Nishimura Shuichi\Desktop\gameproject\過去作成のゲーム\FevSubmissionGame\Enemy.cpp(26,2): error C2065: 'getY': 定義されていない識別子です。
C:\Users\Nishimura Shuichi\Desktop\gameproject\過去作成のゲーム\FevSubmissionGame\Enemy.cpp(27,2): error C2065: 'rabgetX': 定義されていない識別子です。
C:\Users\Nishimura Shuichi\Desktop\gameproject\過去作成のゲーム\FevSubmissionGame\Enemy.cpp(28,2): error C2065: 'rabgetY': 定義されていない識別子です。
C:\Users\Nishimura Shuichi\Desktop\gameproject\過去作成のゲーム\FevSubmissionGame\Enemy.cpp(31,2): error C2065: 'rabbitHitX': 定義されていない識別子です。
C:\Users\Nishimura Shuichi\Desktop\gameproject\過去作成のゲーム\FevSubmissionGame\Enemy.cpp(32,2): error C2065: 'rabbitHitY': 定義されていない識別子です。
C:\Users\Nishimura Shuichi\Desktop\gameproject\過去作成のゲーム\FevSubmissionGame\Enemy.cpp(33,2): error C2065: 'enemyHitX': 定義されていない識別子です。
C:\Users\Nishimura Shuichi\Desktop\gameproject\過去作成のゲーム\FevSubmissionGame\Enemy.cpp(34,2): error C2065: 'enemyHitY': 定義されていない識別子です。
C:\Users\Nishimura Shuichi\Desktop\gameproject\過去作成のゲーム\FevSubmissionGame\Enemy.cpp(35,2): error C2065: 'IsFlag': 定義されていない識別子です。
C:\Users\Nishimura Shuichi\Desktop\gameproject\過去作成のゲーム\FevSubmissionGame\Enemy.cpp(38,2): error C2065: 'rand_rX': 定義されていない識別子です。
C:\Users\Nishimura Shuichi\Desktop\gameproject\過去作成のゲーム\FevSubmissionGame\Enemy.cpp(39,2): error C2065: 'rand_rY': 定義されていない識別子です。
C:\Users\Nishimura Shuichi\Desktop\gameproject\過去作成のゲーム\FevSubmissionGame\Enemy.cpp(40,2): error C2065: 'rand_eX': 定義されていない識別子です。
C:\Users\Nishimura Shuichi\Desktop\gameproject\過去作成のゲーム\FevSubmissionGame\Enemy.cpp(41,2): error C2065: 'rand_eY': 定義されていない識別子です。
C:\Users\Nishimura Shuichi\Desktop\gameproject\過去作成のゲーム\FevSubmissionGame\Enemy.cpp(44,2): error C2065: 'circlecount': 定義されていない識別子です。
C:\Users\Nishimura Shuichi\Desktop\gameproject\過去作成のゲーム\FevSubmissionGame\Enemy.cpp(46,3): error C2065: 'DectionCircle': 定義されていない識別子です。
C:\Users\Nishimura Shuichi\Desktop\gameproject\過去作成のゲーム\FevSubmissionGame\Enemy.cpp(50,2): error C2065: 'circleX': 定義されていない識別子です。
C:\Users\Nishimura Shuichi\Desktop\gameproject\過去作成のゲーム\FevSubmissionGame\Enemy.cpp(50,19): error C2065: 'circleX': 定義されていない識別子です。
C:\Users\Nishimura Shuichi\Desktop\gameproject\過去作成のゲーム\FevSubmissionGame\Enemy.cpp(50,36): error C2065: 'circleX': 定義されていない識別子です。
C:\Users\Nishimura Shuichi\Desktop\gameproject\過去作成のゲーム\FevSubmissionGame\Enemy.cpp(51,2): error C2065: 'circleX': 定義されていない識別子です。
C:\Users\Nishimura Shuichi\Desktop\gameproject\過去作成のゲーム\FevSubmissionGame\Enemy.cpp(51,19): error C2065: 'circleX': 定義されていない識別子です。
C:\Users\Nishimura Shuichi\Desktop\gameproject\過去作成のゲーム\FevSubmissionGame\Enemy.cpp(51,36): error C2065: 'circleX': 定義されていない識別子です。
C:\Users\Nishimura Shuichi\Desktop\gameproject\過去作成のゲーム\FevSubmissionGame\Enemy.cpp(52,2): error C2065: 'circleY': 定義されていない識別子です。
C:\Users\Nishimura Shuichi\Desktop\gameproject\過去作成のゲーム\FevSubmissionGame\Enemy.cpp(52,19): error C2065: 'circleY': 定義されていない識別子です。
C:\Users\Nishimura Shuichi\Desktop\gameproject\過去作成のゲーム\FevSubmissionGame\Enemy.cpp(52,36): error C2065: 'circleY': 定義されていない識別子です。
C:\Users\Nishimura Shuichi\Desktop\gameproject\過去作成のゲーム\FevSubmissionGame\Enemy.cpp(53,2): error C2065: 'circleY': 定義されていない識別子です。
C:\Users\Nishimura Shuichi\Desktop\gameproject\過去作成のゲーム\FevSubmissionGame\Enemy.cpp(53,19): error C2065: 'circleY': 定義されていない識別子です。
C:\Users\Nishimura Shuichi\Desktop\gameproject\過去作成のゲーム\FevSubmissionGame\Enemy.cpp(53,36): error C2065: 'circleY': 定義されていない識別子です。
C:\Users\Nishimura Shuichi\Desktop\gameproject\過去作成のゲーム\FevSubmissionGame\Enemy.cpp(56,2): error C2065: 'circlecolor': 定義されていない識別子です。
C:\Users\Nishimura Shuichi\Desktop\gameproject\過去作成のゲーム\FevSubmissionGame\Enemy.cpp(58,3): error C2065: 'lifecolor': 定義されていない識別子です。
C:\Users\Nishimura Shuichi\Desktop\gameproject\過去作成のゲーム\FevSubmissionGame\Enemy.cpp(62,2): error C2065: 'EnemyHandle': 定義されていない識別子です。
C:\Users\Nishimura Shuichi\Desktop\gameproject\過去作成のゲーム\FevSubmissionGame\Enemy.cpp(63,2): error C2065: 'EnemyHandle2': 定義されていない識別子です。
C:\Users\Nishimura Shuichi\Desktop\gameproject\過去作成のゲーム\FevSubmissionGame\Enemy.cpp(295,13): error C2511: 'void Enemy::EnemyAirCollision(Character &,Map &,SceneManager &)': オーバーロードされたメンバー関数が 'Enemy' にありません。
      C:\Users\Nishimura Shuichi\Desktop\gameproject\過去作成のゲーム\FevSubmissionGame\Enemy.h(6,7):
      'Enemy' の宣言を確認してください
  
C:\Users\Nishimura Shuichi\Desktop\gameproject\過去作成のゲーム\FevSubmissionGame\Enemy.cpp(300,6): error C2597: 静的でないメンバー 'Enemy::RabbitX' への参照が正しくありません。
      C:\Users\Nishimura Shuichi\Desktop\gameproject\過去作成のゲーム\FevSubmissionGame\Enemy.cpp(300,6):
      'Enemy::RabbitX' の宣言を確認してください
  
C:\Users\Nishimura Shuichi\Desktop\gameproject\過去作成のゲーム\FevSubmissionGame\Enemy.cpp(300,6): error C3867: 'Enemy::RabbitX': 非標準の構文です。メンバーにポインタを作成するには '&' を使用してください
C:\Users\Nishimura Shuichi\Desktop\gameproject\過去作成のゲーム\FevSubmissionGame\Enemy.cpp(300,6): error C2568: '>': オーバーロード関数のうち、どれを呼び出すのか決定できません。
C:\Users\Nishimura Shuichi\Desktop\gameproject\過去作成のゲーム\FevSubmissionGame\Enemy.cpp(300,37): error C2597: 静的でないメンバー 'Enemy::RabbitX' への参照が正しくありません。
      C:\Users\Nishimura Shuichi\Desktop\gameproject\過去作成のゲーム\FevSubmissionGame\Enemy.cpp(300,37):
      'Enemy::RabbitX' の宣言を確認してください
  
C:\Users\Nishimura Shuichi\Desktop\gameproject\過去作成のゲーム\FevSubmissionGame\Enemy.cpp(300,37): error C3867: 'Enemy::RabbitX': 非標準の構文です。メンバーにポインタを作成するには '&' を使用してください
C:\Users\Nishimura Shuichi\Desktop\gameproject\過去作成のゲーム\FevSubmissionGame\Enemy.cpp(300,37): error C2568: '-': オーバーロード関数のうち、どれを呼び出すのか決定できません。
C:\Users\Nishimura Shuichi\Desktop\gameproject\過去作成のゲーム\FevSubmissionGame\Enemy.cpp(301,30): error C2671: 'Enemy::EnemyAirCollision': 静的なメンバー関数は 'this' ポインターをアクセスすることができません。
C:\Users\Nishimura Shuichi\Desktop\gameproject\過去作成のゲーム\FevSubmissionGame\Enemy.cpp(301,71): error C2671: 'Enemy::EnemyAirCollision': 静的なメンバー関数は 'this' ポインターをアクセスすることができません。
C:\Users\Nishimura Shuichi\Desktop\gameproject\過去作成のゲーム\FevSubmissionGame\Enemy.cpp(303,27): error C2597: 静的でないメンバー 'Enemy::RabbitX' への参照が正しくありません。
      C:\Users\Nishimura Shuichi\Desktop\gameproject\過去作成のゲーム\FevSubmissionGame\Enemy.cpp(303,27):
      'Enemy::RabbitX' の宣言を確認してください
  
C:\Users\Nishimura Shuichi\Desktop\gameproject\過去作成のゲーム\FevSubmissionGame\Enemy.cpp(303,27): error C3867: 'Enemy::RabbitX': 非標準の構文です。メンバーにポインタを作成するには '&' を使用してください
C:\Users\Nishimura Shuichi\Desktop\gameproject\過去作成のゲーム\FevSubmissionGame\Enemy.cpp(303,27): error C2568: '>': オーバーロード関数のうち、どれを呼び出すのか決定できません。
C:\Users\Nishimura Shuichi\Desktop\gameproject\過去作成のゲーム\FevSubmissionGame\Enemy.cpp(303,58): error C2597: 静的でないメンバー 'Enemy::RabbitX' への参照が正しくありません。
      C:\Users\Nishimura Shuichi\Desktop\gameproject\過去作成のゲーム\FevSubmissionGame\Enemy.cpp(303,58):
      'Enemy::RabbitX' の宣言を確認してください
  
C:\Users\Nishimura Shuichi\Desktop\gameproject\過去作成のゲーム\FevSubmissionGame\Enemy.cpp(303,58): error C3867: 'Enemy::RabbitX': 非標準の構文です。メンバーにポインタを作成するには '&' を使用してください
C:\Users\Nishimura Shuichi\Desktop\gameproject\過去作成のゲーム\FevSubmissionGame\Enemy.cpp(303,58): error C2568: '-': オーバーロード関数のうち、どれを呼び出すのか決定できません。
C:\Users\Nishimura Shuichi\Desktop\gameproject\過去作成のゲーム\FevSubmissionGame\Enemy.cpp(304,27): error C2597: 静的でないメンバー 'Enemy::RabbitY' への参照が正しくありません。
      C:\Users\Nishimura Shuichi\Desktop\gameproject\過去作成のゲーム\FevSubmissionGame\Enemy.cpp(304,27):
      'Enemy::RabbitY' の宣言を確認してください
  
C:\Users\Nishimura Shuichi\Desktop\gameproject\過去作成のゲーム\FevSubmissionGame\Enemy.cpp(304,27): error C3867: 'Enemy::RabbitY': 非標準の構文です。メンバーにポインタを作成するには '&' を使用してください
C:\Users\Nishimura Shuichi\Desktop\gameproject\過去作成のゲーム\FevSubmissionGame\Enemy.cpp(304,27): error C2568: '>': オーバーロード関数のうち、どれを呼び出すのか決定できません。
C:\Users\Nishimura Shuichi\Desktop\gameproject\過去作成のゲーム\FevSubmissionGame\Enemy.cpp(304,62): error C2597: 静的でないメンバー 'Enemy::RabbitY' への参照が正しくありません。
      C:\Users\Nishimura Shuichi\Desktop\gameproject\過去作成のゲーム\FevSubmissionGame\Enemy.cpp(304,62):
      'Enemy::RabbitY' の宣言を確認してください
  
C:\Users\Nishimura Shuichi\Desktop\gameproject\過去作成のゲーム\FevSubmissionGame\Enemy.cpp(304,62): error C3867: 'Enemy::RabbitY': 非標準の構文です。メンバーにポインタを作成するには '&' を使用してください
C:\Users\Nishimura Shuichi\Desktop\gameproject\過去作成のゲーム\FevSubmissionGame\Enemy.cpp(304,62): error C2568: '-': オーバーロード関数のうち、どれを呼び出すのか決定できません。
C:\Users\Nishimura Shuichi\Desktop\gameproject\過去作成のゲーム\FevSubmissionGame\Enemy.cpp(318,24): error C2597: 静的でないメンバー 'Enemy::circlecount' への参照が正しくありません。
      C:\Users\Nishimura Shuichi\Desktop\gameproject\過去作成のゲーム\FevSubmissionGame\Enemy.cpp(318,24):
      'Enemy::circlecount' の宣言を確認してください
  
C:\Users\Nishimura Shuichi\Desktop\gameproject\過去作成のゲーム\FevSubmissionGame\Enemy.cpp(318,24): error C3867: 'Enemy::circlecount': 非標準の構文です。メンバーにポインタを作成するには '&' を使用してください
C:\Users\Nishimura Shuichi\Desktop\gameproject\過去作成のゲーム\FevSubmissionGame\Enemy.cpp(318,24): error C2568: '+': オーバーロード関数のうち、どれを呼び出すのか決定できません。
C:\Users\Nishimura Shuichi\Desktop\gameproject\過去作成のゲーム\FevSubmissionGame\Enemy.cpp(320,12): error C2597: 静的でないメンバー 'Enemy::circlecount' への参照が正しくありません。
      C:\Users\Nishimura Shuichi\Desktop\gameproject\過去作成のゲーム\FevSubmissionGame\Enemy.h(61,6):
      'Enemy::circlecount' の宣言を確認してください
  
C:\Users\Nishimura Shuichi\Desktop\gameproject\過去作成のゲーム\FevSubmissionGame\Enemy.cpp(320,12): error C2450: 型 'unknown' の switch 式が無効です
      C:\Users\Nishimura Shuichi\Desktop\gameproject\過去作成のゲーム\FevSubmissionGame\Enemy.cpp(320,12):
      静的でないメンバーへの正しくない形式の参照
  
C:\Users\Nishimura Shuichi\Desktop\gameproject\過去作成のゲーム\FevSubmissionGame\Enemy.cpp(323,4): error C2671: 'Enemy::EnemyAirCollision': 静的なメンバー関数は 'this' ポインターをアクセスすることができません。
C:\Users\Nishimura Shuichi\Desktop\gameproject\過去作成のゲーム\FevSubmissionGame\Enemy.cpp(323,24): error C2671: 'Enemy::EnemyAirCollision': 静的なメンバー関数は 'this' ポインターをアクセスすることができません。
C:\Users\Nishimura Shuichi\Desktop\gameproject\過去作成のゲーム\FevSubmissionGame\Enemy.cpp(323,41): error C7732: ']' の前に式が必要です
C:\Users\Nishimura Shuichi\Desktop\gameproject\過去作成のゲーム\FevSubmissionGame\Enemy.cpp(326,5): error C2671: 'Enemy::EnemyAirCollision': 静的なメンバー関数は 'this' ポインターをアクセスすることができません。
C:\Users\Nishimura Shuichi\Desktop\gameproject\過去作成のゲーム\FevSubmissionGame\Enemy.cpp(326,25): error C2671: 'Enemy::EnemyAirCollision': 静的なメンバー関数は 'this' ポインターをアクセスすることができません。
C:\Users\Nishimura Shuichi\Desktop\gameproject\過去作成のゲーム\FevSubmissionGame\Enemy.cpp(326,42): error C7732: ']' の前に式が必要です
C:\Users\Nishimura Shuichi\Desktop\gameproject\過去作成のゲーム\FevSubmissionGame\Enemy.cpp(329,5): error C2671: 'Enemy::EnemyAirCollision': 静的なメンバー関数は 'this' ポインターをアクセスすることができません。
C:\Users\Nishimura Shuichi\Desktop\gameproject\過去作成のゲーム\FevSubmissionGame\Enemy.cpp(329,25): error C2671: 'Enemy::EnemyAirCollision': 静的なメンバー関数は 'this' ポインターをアクセスすることができません。
C:\Users\Nishimura Shuichi\Desktop\gameproject\過去作成のゲーム\FevSubmissionGame\Enemy.cpp(329,42): error C7732: ']' の前に式が必要です
C:\Users\Nishimura Shuichi\Desktop\gameproject\過去作成のゲーム\FevSubmissionGame\Enemy.cpp(332,5): error C2671: 'Enemy::EnemyAirCollision': 静的なメンバー関数は 'this' ポインターをアクセスすることができません。
C:\Users\Nishimura Shuichi\Desktop\gameproject\過去作成のゲーム\FevSubmissionGame\Enemy.cpp(332,25): error C2671: 'Enemy::EnemyAirCollision': 静的なメンバー関数は 'this' ポインターをアクセスすることができません。
C:\Users\Nishimura Shuichi\Desktop\gameproject\過去作成のゲーム\FevSubmissionGame\Enemy.cpp(332,42): error C7732: ']' の前に式が必要です
C:\Users\Nishimura Shuichi\Desktop\gameproject\過去作成のゲーム\FevSubmissionGame\Enemy.cpp(335,5): error C2671: 'Enemy::EnemyAirCollision': 静的なメンバー関数は 'this' ポインターをアクセスすることができません。
C:\Users\Nishimura Shuichi\Desktop\gameproject\過去作成のゲーム\FevSubmissionGame\Enemy.cpp(335,25): error C2671: 'Enemy::EnemyAirCollision': 静的なメンバー関数は 'this' ポインターをアクセスすることができません。
C:\Users\Nishimura Shuichi\Desktop\gameproject\過去作成のゲーム\FevSubmissionGame\Enemy.cpp(335,42): error C7732: ']' の前に式が必要です
C:\Users\Nishimura Shuichi\Desktop\gameproject\過去作成のゲーム\FevSubmissionGame\Enemy.cpp(338,5): error C2671: 'Enemy::EnemyAirCollision': 静的なメンバー関数は 'this' ポインターをアクセスすることができません。
C:\Users\Nishimura Shuichi\Desktop\gameproject\過去作成のゲーム\FevSubmissionGame\Enemy.cpp(338,25): error C2065: 'tnis': 定義されていない識別子です。
C:\Users\Nishimura Shuichi\Desktop\gameproject\過去作成のゲーム\FevSubmissionGame\Enemy.cpp(338,42): error C7732: ']' の前に式が必要です
C:\Users\Nishimura Shuichi\Desktop\gameproject\過去作成のゲーム\FevSubmissionGame\Enemy.cpp(354,6): error C2597: 静的でないメンバー 'Enemy::enemyX' への参照が正しくありません。
      C:\Users\Nishimura Shuichi\Desktop\gameproject\過去作成のゲーム\FevSubmissionGame\Enemy.cpp(354,6):
      'Enemy::enemyX' の宣言を確認してください
  
C:\Users\Nishimura Shuichi\Desktop\gameproject\過去作成のゲーム\FevSubmissionGame\Enemy.cpp(354,6): error C3867: 'Enemy::enemyX': 非標準の構文です。メンバーにポインタを作成するには '&' を使用してください
C:\Users\Nishimura Shuichi\Desktop\gameproject\過去作成のゲーム\FevSubmissionGame\Enemy.cpp(354,6): error C2568: '>': オーバーロード関数のうち、どれを呼び出すのか決定できません。
C:\Users\Nishimura Shuichi\Desktop\gameproject\過去作成のゲーム\FevSubmissionGame\Enemy.cpp(354,36): error C2597: 静的でないメンバー 'Enemy::enemyX' への参照が正しくありません。
      C:\Users\Nishimura Shuichi\Desktop\gameproject\過去作成のゲーム\FevSubmissionGame\Enemy.cpp(354,36):
      'Enemy::enemyX' の宣言を確認してください
  
C:\Users\Nishimura Shuichi\Desktop\gameproject\過去作成のゲーム\FevSubmissionGame\Enemy.cpp(354,36): error C3867: 'Enemy::enemyX': 非標準の構文です。メンバーにポインタを作成するには '&' を使用してください
C:\Users\Nishimura Shuichi\Desktop\gameproject\過去作成のゲーム\FevSubmissionGame\Enemy.cpp(354,36): error C2568: '-': オーバーロード関数のうち、どれを呼び出すのか決定できません。
C:\Users\Nishimura Shuichi\Desktop\gameproject\過去作成のゲーム\FevSubmissionGame\Enemy.cpp(355,27): error C2597: 静的でないメンバー 'Enemy::enemyY' への参照が正しくありません。
      C:\Users\Nishimura Shuichi\Desktop\gameproject\過去作成のゲーム\FevSubmissionGame\Enemy.cpp(355,27):
      'Enemy::enemyY' の宣言を確認してください
  
C:\Users\Nishimura Shuichi\Desktop\gameproject\過去作成のゲーム\FevSubmissionGame\Enemy.cpp(355,27): error C3867: 'Enemy::enemyY': 非標準の構文です。メンバーにポインタを作成するには '&' を使用してください
C:\Users\Nishimura Shuichi\Desktop\gameproject\過去作成のゲーム\FevSubmissionGame\Enemy.cpp(355,27): error C2568: '>': オーバーロード関数のうち、どれを呼び出すのか決定できません。
C:\Users\Nishimura Shuichi\Desktop\gameproject\過去作成のゲーム\FevSubmissionGame\Enemy.cpp(355,61): error C2597: 静的でないメンバー 'Enemy::enemyY' への参照が正しくありません。
      C:\Users\Nishimura Shuichi\Desktop\gameproject\過去作成のゲーム\FevSubmissionGame\Enemy.cpp(355,61):
      'Enemy::enemyY' の宣言を確認してください
  
C:\Users\Nishimura Shuichi\Desktop\gameproject\過去作成のゲーム\FevSubmissionGame\Enemy.cpp(355,61): error C3867: 'Enemy::enemyY': 非標準の構文です。メンバーにポインタを作成するには '&' を使用してください
C:\Users\Nishimura Shuichi\Desktop\gameproject\過去作成のゲーム\FevSubmissionGame\Enemy.cpp(355,61): error C2568: '-': オーバーロード関数のうち、どれを呼び出すのか決定できません。
C:\Users\Nishimura Shuichi\Desktop\gameproject\過去作成のゲーム\FevSubmissionGame\Enemy.cpp(357,27): error C2597: 静的でないメンバー 'Enemy::enemyX' への参照が正しくありません。
      C:\Users\Nishimura Shuichi\Desktop\gameproject\過去作成のゲーム\FevSubmissionGame\Enemy.cpp(357,27):
      'Enemy::enemyX' の宣言を確認してください
  
C:\Users\Nishimura Shuichi\Desktop\gameproject\過去作成のゲーム\FevSubmissionGame\Enemy.cpp(357,27): error C3867: 'Enemy::enemyX': 非標準の構文です。メンバーにポインタを作成するには '&' を使用してください
C:\Users\Nishimura Shuichi\Desktop\gameproject\過去作成のゲーム\FevSubmissionGame\Enemy.cpp(357,27): error C2568: '>': オーバーロード関数のうち、どれを呼び出すのか決定できません。
C:\Users\Nishimura Shuichi\Desktop\gameproject\過去作成のゲーム\FevSubmissionGame\Enemy.cpp(357,57): error C2597: 静的でないメンバー 'Enemy::enemyX' への参照が正しくありません。
      C:\Users\Nishimura Shuichi\Desktop\gameproject\過去作成のゲーム\FevSubmissionGame\Enemy.cpp(357,57):
      'Enemy::enemyX' の宣言を確認してください
  
C:\Users\Nishimura Shuichi\Desktop\gameproject\過去作成のゲーム\FevSubmissionGame\Enemy.cpp(357,57): error C3867: 'Enemy::enemyX': 非標準の構文です。メンバーにポインタを作成するには '&' を使用してください
C:\Users\Nishimura Shuichi\Desktop\gameproject\過去作成のゲーム\FevSubmissionGame\Enemy.cpp(357,57): error C2568: '-': オーバーロード関数のうち、どれを呼び出すのか決定できません。
C:\Users\Nishimura Shuichi\Desktop\gameproject\過去作成のゲーム\FevSubmissionGame\Enemy.cpp(358,27): error C2597: 静的でないメンバー 'Enemy::enemyY' への参照が正しくありません。
      C:\Users\Nishimura Shuichi\Desktop\gameproject\過去作成のゲーム\FevSubmissionGame\Enemy.cpp(358,27):
      'Enemy::enemyY' の宣言を確認してください
  
C:\Users\Nishimura Shuichi\Desktop\gameproject\過去作成のゲーム\FevSubmissionGame\Enemy.cpp(358,27): error C3867: 'Enemy::enemyY': 非標準の構文です。メンバーにポインタを作成するには '&' を使用してください
C:\Users\Nishimura Shuichi\Desktop\gameproject\過去作成のゲーム\FevSubmissionGame\Enemy.cpp(358,27): error C1003: プログラム内のエラーが 100 個を超えました。コンパイルは中断されます。
  GameClearScene.cpp
C:\Users\Nishimura Shuichi\Desktop\gameproject\過去作成のゲーム\FevSubmissionGame\Map.h(31,15): warning C4305: '初期化中': 'double' から 'float' へ切り詰めます。
  (ソース ファイル 'GameClearScene.cpp' をコンパイルしています)
  
C:\Users\Nishimura Shuichi\Desktop\gameproject\過去作成のゲーム\FevSubmissionGame\Enemy.h(18,57): error C2061: 構文エラー: 識別子 'SceneManager'
  (ソース ファイル 'GameClearScene.cpp' をコンパイルしています)
  
C:\Users\Nishimura Shuichi\Desktop\gameproject\過去作成のゲーム\FevSubmissionGame\SceneManager.h(15,15): warning C4091: 'typedef ': 変数が何も宣言されていないときは、'SceneManager::Scene' の左辺を無視します。
  (ソース ファイル 'GameClearScene.cpp' をコンパイルしています)
  
  Map.cpp
C:\Users\Nishimura Shuichi\Desktop\gameproject\過去作成のゲーム\FevSubmissionGame\Map.cpp(1,1): warning C4819: ファイルは、現在のコード ページ (932) で表示できない文字を含んでいます。データの損失を防ぐために、ファイルを Unicode 形式で保存してください。
C:\Users\Nishimura Shuichi\Desktop\gameproject\過去作成のゲーム\FevSubmissionGame\Map.h(31,15): warning C4305: '初期化中': 'double' から 'float' へ切り詰めます。
  (ソース ファイル 'Map.cpp' をコンパイルしています)
  
C:\Users\Nishimura Shuichi\Desktop\gameproject\過去作成のゲーム\FevSubmissionGame\Enemy.h(18,57): error C2061: 構文エラー: 識別子 'SceneManager'
  (ソース ファイル 'Map.cpp' をコンパイルしています)
  
C:\Users\Nishimura Shuichi\Desktop\gameproject\過去作成のゲーム\FevSubmissionGame\SceneManager.h(15,15): warning C4091: 'typedef ': 変数が何も宣言されていないときは、'SceneManager::Scene' の左辺を無視します。
  (ソース ファイル 'Map.cpp' をコンパイルしています)
  
C:\Users\Nishimura Shuichi\Desktop\gameproject\過去作成のゲーム\FevSubmissionGame\Map.cpp(35,16): warning C4305: '+=': 'double' から 'float' へ切り詰めます。
  Main.cpp
C:\Users\Nishimura Shuichi\Desktop\gameproject\過去作成のゲーム\FevSubmissionGame\Main.cpp(1,1): warning C4819: ファイルは、現在のコード ページ (932) で表示できない文字を含んでいます。データの損失を防ぐために、ファイルを Unicode 形式で保存してください。
C:\Users\Nishimura Shuichi\Desktop\gameproject\過去作成のゲーム\FevSubmissionGame\Map.h(31,15): warning C4305: '初期化中': 'double' から 'float' へ切り詰めます。
  (ソース ファイル 'Main.cpp' をコンパイルしています)
  
C:\Users\Nishimura Shuichi\Desktop\gameproject\過去作成のゲーム\FevSubmissionGame\Enemy.h(18,57): error C2061: 構文エラー: 識別子 'SceneManager'
  (ソース ファイル 'Main.cpp' をコンパイルしています)
  
C:\Users\Nishimura Shuichi\Desktop\gameproject\過去作成のゲーム\FevSubmissionGame\SceneManager.h(15,15): warning C4091: 'typedef ': 変数が何も宣言されていないときは、'SceneManager::Scene' の左辺を無視します。
  (ソース ファイル 'Main.cpp' をコンパイルしています)
  
C:\Users\Nishimura Shuichi\Desktop\gameproject\過去作成のゲーム\FevSubmissionGame\Main.cpp(68,10): error C2660: 'Enemy::EnemyAirCollision': 関数に 3 個の引数を指定できません。
      C:\Users\Nishimura Shuichi\Desktop\gameproject\過去作成のゲーム\FevSubmissionGame\Enemy.h(18,7):
      'Enemy::EnemyAirCollision' の宣言を確認してください
      C:\Users\Nishimura Shuichi\Desktop\gameproject\過去作成のゲーム\FevSubmissionGame\Main.cpp(68,10):
      引数リスト '(Character, Map, SceneManager)' を一致させようとしているとき
  
  Character.cpp
C:\Users\Nishimura Shuichi\Desktop\gameproject\過去作成のゲーム\FevSubmissionGame\Character.cpp(1,1): warning C4819: ファイルは、現在のコード ページ (932) で表示できない文字を含んでいます。データの損失を防ぐために、ファイルを Unicode 形式で保存してください。
C:\Users\Nishimura Shuichi\Desktop\gameproject\過去作成のゲーム\FevSubmissionGame\Map.h(31,15): warning C4305: '初期化中': 'double' から 'float' へ切り詰めます。
  (ソース ファイル 'Character.cpp' をコンパイルしています)
  
C:\Users\Nishimura Shuichi\Desktop\gameproject\過去作成のゲーム\FevSubmissionGame\Enemy.h(18,57): error C2061: 構文エラー: 識別子 'SceneManager'
  (ソース ファイル 'Character.cpp' をコンパイルしています)
  
C:\Users\Nishimura Shuichi\Desktop\gameproject\過去作成のゲーム\FevSubmissionGame\SceneManager.h(15,15): warning C4091: 'typedef ': 変数が何も宣言されていないときは、'SceneManager::Scene' の左辺を無視します。
  (ソース ファイル 'Character.cpp' をコンパイルしています)
  
C:\Users\Nishimura Shuichi\Desktop\gameproject\過去作成のゲーム\FevSubmissionGame\Character.cpp(43,24): warning C4244: '+=': 'float' から 'int' への変換です。データが失われる可能性があります。
  SceneManager.cpp
C:\Users\Nishimura Shuichi\Desktop\gameproject\過去作成のゲーム\FevSubmissionGame\Map.h(31,15): warning C4305: '初期化中': 'double' から 'float' へ切り詰めます。
  (ソース ファイル 'SceneManager.cpp' をコンパイルしています)
  
C:\Users\Nishimura Shuichi\Desktop\gameproject\過去作成のゲーム\FevSubmissionGame\Enemy.h(18,57): error C2061: 構文エラー: 識別子 'SceneManager'
  (ソース ファイル 'SceneManager.cpp' をコンパイルしています)
  
C:\Users\Nishimura Shuichi\Desktop\gameproject\過去作成のゲーム\FevSubmissionGame\SceneManager.h(15,15): warning C4091: 'typedef ': 変数が何も宣言されていないときは、'SceneManager::Scene' の左辺を無視します。
  (ソース ファイル 'SceneManager.cpp' をコンパイルしています)
  
  TitleScene.cpp
C:\Users\Nishimura Shuichi\Desktop\gameproject\過去作成のゲーム\FevSubmissionGame\Map.h(31,15): warning C4305: '初期化中': 'double' から 'float' へ切り詰めます。
  (ソース ファイル 'TitleScene.cpp' をコンパイルしています)
  
C:\Users\Nishimura Shuichi\Desktop\gameproject\過去作成のゲーム\FevSubmissionGame\Enemy.h(18,57): error C2061: 構文エラー: 識別子 'SceneManager'
  (ソース ファイル 'TitleScene.cpp' をコンパイルしています)
  
C:\Users\Nishimura Shuichi\Desktop\gameproject\過去作成のゲーム\FevSubmissionGame\SceneManager.h(15,15): warning C4091: 'typedef ': 変数が何も宣言されていないときは、'SceneManager::Scene' の左辺を無視します。
  (ソース ファイル 'TitleScene.cpp' をコンパイルしています)
  
  コードを生成中...
