  BaseNumber.cpp
  Enemy.cpp
  Map.cpp
C:\Users\Owner\Desktop\新しいフォルダー\gameproject\ゲーム\FevSubmissionGame\Enemy.cpp(33,1): error C2059: 構文エラー: '<<'
C:\Users\Owner\Desktop\新しいフォルダー\gameproject\ゲーム\FevSubmissionGame\Enemy.cpp(35,1): error C2143: 構文エラー: ';' が '{' の前にありません。
C:\Users\Owner\Desktop\新しいフォルダー\gameproject\ゲーム\FevSubmissionGame\Enemy.cpp(35,1): error C2447: '{': 対応する関数ヘッダーがありません (旧形式の仮引数リスト?)
C:\Users\Owner\Desktop\新しいフォルダー\gameproject\ゲーム\FevSubmissionGame\Enemy.cpp(115,1): error C1004: 予期せぬ EOF が検出されました。
  Main.cpp
  Character.cpp
C:\Users\Owner\Desktop\新しいフォルダー\gameproject\ゲーム\FevSubmissionGame\Character.cpp(78,23): warning C4244: '+=': 'float' から 'int' への変換です。データが失われる可能性があります。
C:\Users\Owner\Desktop\新しいフォルダー\gameproject\ゲーム\FevSubmissionGame\Character.cpp(79,18): warning C4553: '==': 式の結果が使用されていません。'=' を意図していますか?
C:\Users\Owner\Desktop\新しいフォルダー\gameproject\ゲーム\FevSubmissionGame\Character.cpp(90,26): warning C4553: '==': 式の結果が使用されていません。'=' を意図していますか?
C:\Users\Owner\Desktop\新しいフォルダー\gameproject\ゲーム\FevSubmissionGame\Character.cpp(143,1): error C2059: 構文エラー: '<<'
C:\Users\Owner\Desktop\新しいフォルダー\gameproject\ゲーム\FevSubmissionGame\Character.cpp(146,1): error C2059: 構文エラー: '=='
C:\Users\Owner\Desktop\新しいフォルダー\gameproject\ゲーム\FevSubmissionGame\Character.cpp(153,1): error C2059: 構文エラー: '>>'
  OptionScene.cpp
  SceneManager.cpp
  Text.cpp
  TitleScene.cpp
  コードを生成中...
