  BaseScene.cpp
  Camera.cpp
  Character.cpp
  Enemy.cpp
C:\Users\Nishimura Shuichi\Desktop\gameproject\JumpGame\Enemy.cpp(14,22): warning C4244: '引数': 'float' から 'int' への変換です。データが失われる可能性があります。
C:\Users\Nishimura Shuichi\Desktop\gameproject\JumpGame\Enemy.cpp(14,15): warning C4244: '引数': 'float' から 'int' への変換です。データが失われる可能性があります。
  Main.cpp
C:\Users\Nishimura Shuichi\Desktop\gameproject\JumpGame\PlayScene.h(19,13): warning C4305: '初期化中': 'double' から 'float' へ切り詰めます。
  (ソース ファイル 'Main.cpp' をコンパイルしています)
  
  Player.cpp
C:\Users\Nishimura Shuichi\Desktop\gameproject\JumpGame\PlayScene.h(19,13): warning C4305: '初期化中': 'double' から 'float' へ切り詰めます。
  (ソース ファイル 'Player.cpp' をコンパイルしています)
  
C:\Users\Nishimura Shuichi\Desktop\gameproject\JumpGame\Player.cpp(33,14): warning C4244: '=': 'float' から 'int' への変換です。データが失われる可能性があります。
C:\Users\Nishimura Shuichi\Desktop\gameproject\JumpGame\Player.cpp(62,14): warning C4244: '=': 'float' から 'int' への変換です。データが失われる可能性があります。
  PlayScene.cpp
C:\Users\Nishimura Shuichi\Desktop\gameproject\JumpGame\PlayScene.h(19,13): warning C4305: '初期化中': 'double' から 'float' へ切り詰めます。
  (ソース ファイル 'PlayScene.cpp' をコンパイルしています)
  
C:\Users\Nishimura Shuichi\Desktop\gameproject\JumpGame\PlayScene.cpp(19,9): warning C4244: '-=': 'double' から 'int' への変換です。データが失われる可能性があります。
  SceneManeger.cpp
  コードを生成中...
  JumpGame.vcxproj -> C:\Users\Nishimura Shuichi\Desktop\gameproject\JumpGame\x64\Debug\JumpGame.exe
